<?xml version="1.0" encoding="UTF-8"?>
<!-- Generated by org.testng.reporters.JUnitXMLReporter -->
<testsuite ignored="0" hostname="Veena-Manjunath" failures="0" tests="4" name="Surefire test" time="0.134" errors="0" timestamp="2024-12-20T16:25:11 IST">
  <testcase classname="pac1.CreateOrgTest" name="createOrgTest" time="0.009"/>
  <testcase classname="pac1.CreateOrgTest" name="modifyOrgTest" time="0.002"/>
  <testcase classname="pac2.CreateContactTest" name="createContactTest" time="0.001"/>
  <testcase classname="pac2.CreateContactTest" name="modifyContactTest" time="0.001"/>
</testsuite> <!-- Surefire test -->
